{
  "RSpec": {
    "coverage": {
      "/Users/www/todo/spec/acceptance/sign_in_spec.rb": [
        1,
        null,
        1,
        2,
        null,
        1,
        1,
        null,
        1,
        1,
        1,
        null,
        1,
        null,
        null,
        1,
        1,
        null,
        1,
        1,
        1,
        null,
        1,
        null,
        null
      ],
      "/Users/www/todo/spec/acceptance_helper.rb": [
        1,
        1,
        1,
        null,
        1,
        1,
        null,
        1,
        33,
        33,
        null,
        null,
        1,
        0,
        null,
        0,
        0,
        null,
        0,
        0,
        0,
        0,
        null,
        0,
        null,
        null,
        1,
        null,
        1,
        1,
        1,
        null,
        1,
        null,
        null,
        1,
        null,
        1,
        127,
        null,
        null
      ],
      "/Users/www/todo/spec/rails_helper.rb": [
        null,
        1,
        1,
        1,
        1,
        1,
        1,
        null,
        null,
        null,
        null,
        null,
        null,
        null,
        null,
        null,
        null,
        null,
        null,
        null,
        null,
        5,
        null,
        null,
        null,
        1,
        null,
        1,
        1,
        1,
        1,
        null,
        null,
        null,
        1,
        null,
        1,
        null,
        null,
        1,
        null,
        null,
        1,
        1,
        null,
        null,
        1,
        null,
        null,
        1,
        null,
        null,
        1,
        null,
        null,
        null,
        null,
        1,
        null,
        null,
        null,
        null,
        null,
        null,
        null,
        null,
        null,
        null,
        null,
        null,
        null,
        null,
        1,
        null,
        null,
        null,
        null,
        1,
        null,
        null,
        1,
        1,
        null,
        null,
        1,
        127,
        null,
        null,
        1,
        33,
        null,
        null,
        1,
        127,
        null,
        null,
        1,
        127,
        null,
        null
      ],
      "/Users/www/todo/app/helpers/application_helper.rb": [
        1,
        null
      ],
      "/Users/www/todo/app/helpers/comments_helper.rb": [
        1,
        null
      ],
      "/Users/www/todo/app/helpers/projects_helper.rb": [
        1,
        null
      ],
      "/Users/www/todo/app/helpers/tasks_helper.rb": [
        1,
        null
      ],
      "/Users/www/todo/app/helpers/todo_helper.rb": [
        1,
        null
      ],
      "/Users/www/todo/spec/support/acceptance_helpers.rb": [
        1,
        1,
        34,
        null,
        null,
        1,
        40,
        null,
        null,
        1,
        39,
        null,
        null,
        1,
        7,
        null,
        null,
        1,
        1,
        null,
        null,
        1,
        2,
        2,
        null,
        null,
        1,
        33,
        33,
        null,
        null,
        1,
        7,
        null,
        null,
        1,
        4,
        null,
        null,
        1,
        1,
        1,
        null,
        null,
        1,
        1,
        null,
        null,
        1,
        22,
        null,
        null,
        1,
        2,
        2,
        null,
        null,
        1,
        1,
        1,
        null,
        null,
        1,
        4,
        4,
        null,
        null,
        1,
        17,
        17,
        null,
        null,
        1,
        1,
        1,
        null,
        null,
        1,
        6,
        null,
        null,
        1,
        4,
        null,
        null,
        1,
        1,
        1,
        null,
        null,
        1,
        8,
        null,
        null
      ],
      "/Users/www/todo/spec/support/controller_macros.rb": [
        1,
        1,
        5,
        31,
        null,
        31,
        null,
        null,
        null
      ],
      "/Users/www/todo/spec/support/request_helpers.rb": [
        1,
        1,
        1,
        3,
        null,
        null,
        null,
        1,
        1,
        27,
        null,
        27,
        27,
        null,
        null,
        null
      ],
      "/Users/www/todo/spec/support/wait_for_ajax.rb": [
        1,
        1,
        114,
        null,
        null,
        1,
        112,
        null,
        null,
        null,
        1,
        1,
        null
      ],
      "/Users/www/todo/spec/acceptance/todo_spec.rb": [
        1,
        null,
        1,
        1,
        1,
        null,
        1,
        1,
        null,
        null,
        null,
        1,
        34,
        null,
        1,
        33,
        33,
        33,
        null,
        null,
        1,
        1,
        null,
        null,
        1,
        1,
        1,
        1,
        null,
        null,
        1,
        1,
        1,
        1,
        1,
        1,
        null,
        null,
        1,
        1,
        1,
        1,
        1,
        1,
        null,
        null,
        1,
        1,
        1,
        1,
        1,
        null,
        null,
        1,
        1,
        1,
        1,
        1,
        null,
        null,
        1,
        1,
        1,
        1,
        1,
        1,
        1,
        null,
        null,
        1,
        1,
        1,
        1,
        1,
        1,
        null,
        null,
        1,
        1,
        1,
        1,
        1,
        1,
        1,
        1,
        1,
        1,
        null,
        null,
        1,
        1,
        1,
        1,
        1,
        1,
        1,
        1,
        1,
        1,
        null,
        null,
        1,
        1,
        1,
        1,
        1,
        1,
        1,
        1,
        1,
        1,
        null,
        null,
        1,
        1,
        1,
        1,
        1,
        1,
        1,
        1,
        1,
        1,
        null,
        null,
        1,
        1,
        1,
        1,
        1,
        null,
        null,
        1,
        1,
        1,
        1,
        null,
        null,
        1,
        1,
        19,
        19,
        null,
        null,
        1,
        1,
        1,
        1,
        null,
        null,
        1,
        1,
        1,
        1,
        null,
        null,
        1,
        1,
        1,
        1,
        1,
        1,
        1,
        null,
        null,
        1,
        1,
        1,
        1,
        1,
        1,
        null,
        null,
        1,
        1,
        1,
        1,
        1,
        1,
        null,
        null,
        1,
        1,
        1,
        1,
        1,
        1,
        1,
        1,
        1,
        1,
        null,
        null,
        1,
        1,
        1,
        1,
        1,
        1,
        1,
        1,
        null,
        null,
        1,
        1,
        1,
        1,
        1,
        1,
        1,
        1,
        1,
        1,
        1,
        null,
        null,
        1,
        1,
        1,
        1,
        1,
        1,
        1,
        1,
        1,
        1,
        null,
        null,
        1,
        1,
        1,
        1,
        1,
        1,
        null,
        null,
        1,
        1,
        1,
        1,
        1,
        null,
        null,
        null,
        null,
        1,
        1,
        8,
        8,
        null,
        null,
        1,
        1,
        1,
        1,
        null,
        null,
        1,
        1,
        2,
        null,
        2,
        2,
        2,
        2,
        2,
        2,
        null,
        null,
        1,
        1,
        1,
        null,
        null,
        1,
        1,
        1,
        1,
        null,
        null,
        null,
        1,
        1,
        5,
        null,
        null,
        3,
        null,
        1,
        1,
        1,
        null,
        null,
        1,
        1,
        1,
        1,
        1,
        1,
        1,
        null,
        null,
        1,
        1,
        1,
        null,
        null,
        1,
        1,
        1,
        1,
        1,
        1,
        null,
        null,
        1,
        1,
        null,
        null,
        0,
        0,
        0,
        0,
        null,
        null,
        null,
        null,
        null,
        null
      ],
      "/Users/www/todo/spec/controllers/attachments_controller_spec.rb": [
        1,
        null,
        1,
        1,
        null,
        3,
        null,
        1,
        1,
        1,
        1,
        1,
        null,
        null,
        null,
        null,
        1,
        1,
        1,
        1,
        null,
        null,
        null,
        null,
        null
      ],
      "/Users/www/todo/app/controllers/attachments_controller.rb": [
        1,
        1,
        null,
        1,
        null,
        1,
        null,
        1,
        2,
        1,
        null,
        1,
        null,
        1,
        null,
        null,
        null
      ],
      "/Users/www/todo/app/controllers/application_controller.rb": [
        1,
        null,
        1,
        1,
        null,
        1,
        null,
        null,
        null,
        1,
        null,
        1,
        0,
        null,
        null,
        1,
        null,
        1,
        null,
        null,
        1,
        0,
        null,
        null
      ],
      "/Users/www/todo/lib/application_responder.rb": [
        1,
        1,
        1,
        null,
        null,
        null,
        null,
        null
      ],
      "/Users/www/todo/spec/controllers/comments_controller_spec.rb": [
        1,
        null,
        1,
        1,
        null,
        6,
        null,
        1,
        1,
        null,
        null,
        6,
        6,
        null,
        1,
        1,
        1,
        1,
        1,
        null,
        null,
        null,
        null,
        1,
        1,
        1,
        1,
        null,
        null,
        null,
        1,
        1,
        1,
        null,
        null,
        null,
        null,
        1,
        2,
        null,
        1,
        2,
        null,
        null,
        null
      ],
      "/Users/www/todo/app/controllers/comments_controller.rb": [
        1,
        1,
        null,
        1,
        null,
        1,
        null,
        1,
        6,
        null,
        6,
        4,
        null,
        null,
        6,
        null,
        null,
        1,
        2,
        2,
        null,
        null,
        1,
        null,
        1,
        6,
        null,
        null
      ],
      "/Users/www/todo/spec/controllers/projects_controller_spec.rb": [
        1,
        null,
        1,
        1,
        null,
        11,
        null,
        1,
        1,
        null,
        null,
        1,
        2,
        2,
        2,
        2,
        null,
        1,
        3,
        null,
        1,
        null,
        1,
        1,
        1,
        1,
        null,
        null,
        null,
        1,
        1,
        1,
        1,
        1,
        null,
        null,
        null,
        null,
        1,
        1,
        1,
        1,
        null,
        null,
        null,
        1,
        1,
        1,
        null,
        null,
        null,
        null,
        1,
        1,
        3,
        3,
        null,
        1,
        1,
        1,
        null,
        null,
        null,
        1,
        1,
        1,
        null,
        null,
        null,
        1,
        3,
        3,
        null,
        1,
        1,
        1,
        null,
        null,
        1,
        1,
        1,
        null,
        null,
        null,
        null,
        1,
        2,
        null,
        1,
        2,
        null,
        null,
        null
      ],
      "/Users/www/todo/app/controllers/projects_controller.rb": [
        1,
        1,
        null,
        1,
        1,
        null,
        1,
        null,
        1,
        35,
        null,
        null,
        null,
        null,
        1,
        33,
        null,
        null,
        1,
        7,
        7,
        null,
        null,
        1,
        2,
        null,
        null,
        1,
        null,
        1,
        9,
        null,
        null,
        1,
        40,
        null,
        null
      ],
      "/Users/www/todo/spec/controllers/tasks_controller_spec.rb": [
        1,
        null,
        1,
        1,
        null,
        11,
        null,
        1,
        1,
        null,
        null,
        1,
        3,
        null,
        1,
        1,
        1,
        1,
        null,
        null,
        null,
        null,
        1,
        1,
        1,
        1,
        null,
        null,
        null,
        null,
        null,
        1,
        1,
        3,
        3,
        null,
        1,
        1,
        1,
        null,
        null,
        null,
        1,
        1,
        1,
        null,
        null,
        null,
        null,
        1,
        2,
        2,
        null,
        1,
        2,
        null,
        null,
        null,
        1,
        2,
        2,
        null,
        1,
        1,
        1,
        null,
        1,
        null,
        null,
        null,
        1,
        2,
        2,
        null,
        1,
        1,
        1,
        1,
        null,
        1,
        null,
        null,
        null,
        1,
        3,
        3,
        null,
        1,
        1,
        1,
        1,
        null,
        1,
        null,
        null,
        1,
        1,
        1,
        null,
        1,
        null,
        null,
        null
      ],
      "/Users/www/todo/app/controllers/tasks_controller.rb": [
        1,
        1,
        null,
        1,
        1,
        null,
        1,
        null,
        1,
        22,
        null,
        null,
        1,
        5,
        4,
        null,
        1,
        null,
        null,
        null,
        1,
        2,
        null,
        null,
        1,
        2,
        2,
        null,
        null,
        1,
        1,
        1,
        null,
        null,
        1,
        5,
        5,
        null,
        null,
        1,
        null,
        1,
        15,
        null,
        null,
        1,
        27,
        null,
        null
      ],
      "/Users/www/todo/spec/controllers/todo_controller_spec.rb": [
        1,
        null,
        1,
        1,
        1,
        1,
        null,
        5,
        null,
        1,
        1,
        null,
        null,
        2,
        2,
        2,
        null,
        null,
        1,
        3,
        null,
        1,
        1,
        null,
        null,
        2,
        null,
        null,
        null
      ],
      "/Users/www/todo/app/controllers/todo_controller.rb": [
        1,
        1,
        null,
        1,
        null,
        1,
        null,
        null
      ],
      "/Users/www/todo/spec/models/ability_spec.rb": [
        1,
        null,
        1,
        26,
        null,
        1,
        2,
        null,
        2,
        null,
        null,
        1,
        25,
        11,
        11,
        11,
        8,
        8,
        2,
        2,
        null,
        2,
        2,
        2,
        2,
        2,
        2,
        2,
        null,
        2,
        2,
        2,
        2,
        2,
        2,
        2,
        2,
        2,
        2,
        2,
        2,
        2,
        null,
        2,
        2,
        2,
        null,
        2,
        null,
        null
      ],
      "/Users/www/todo/app/models/ability.rb": [
        1,
        1,
        null,
        1,
        null,
        1,
        149,
        null,
        149,
        148,
        null,
        1,
        null,
        null,
        null,
        1,
        149,
        null,
        null,
        1,
        148,
        null,
        148,
        null,
        148,
        148,
        148,
        null,
        148,
        148,
        148,
        148,
        148,
        148,
        null,
        148,
        null,
        null
      ],
      "/Users/www/todo/spec/models/attachment_spec.rb": [
        1,
        null,
        1,
        2,
        null
      ],
      "/Users/www/todo/app/models/attachment.rb": [
        1,
        1,
        null,
        1,
        null
      ],
      "/Users/www/todo/app/uploaders/file_uploader.rb": [
        1,
        1,
        null,
        1,
        null,
        1,
        null,
        1,
        null,
        1,
        null,
        null,
        1,
        2,
        null,
        null,
        1,
        null,
        null,
        null,
        null,
        1,
        null,
        null,
        1,
        0,
        null,
        0,
        null,
        null
      ],
      "/Users/www/todo/spec/models/comment_spec.rb": [
        1,
        null,
        1,
        2,
        2,
        2,
        2,
        2,
        null
      ],
      "/Users/www/todo/app/models/comment.rb": [
        1,
        1,
        1,
        null,
        1,
        1,
        null
      ],
      "/Users/www/todo/spec/models/project_spec.rb": [
        1,
        null,
        1,
        2,
        2,
        2,
        2,
        2,
        2,
        null
      ],
      "/Users/www/todo/app/models/project.rb": [
        1,
        1,
        5,
        null,
        1,
        1,
        null
      ],
      "/Users/www/todo/spec/models/task_spec.rb": [
        1,
        null,
        1,
        9,
        9,
        null,
        2,
        2,
        2,
        2,
        2,
        2,
        2,
        2,
        null
      ],
      "/Users/www/todo/app/models/task.rb": [
        1,
        1,
        5,
        null,
        1,
        null,
        1,
        1,
        1,
        null
      ],
      "/Users/www/todo/spec/models/user_spec.rb": [
        1,
        null,
        1,
        2,
        2,
        2,
        null,
        1,
        11,
        2,
        null,
        1,
        1,
        1,
        1,
        null,
        null,
        null,
        1,
        1,
        1,
        4,
        null,
        null,
        null,
        null,
        1,
        2,
        null,
        null,
        1,
        2,
        1,
        null,
        null,
        1,
        1,
        1,
        1,
        null,
        null,
        1,
        1,
        null,
        null,
        null,
        1,
        1,
        5,
        null,
        null,
        null,
        null,
        1,
        2,
        null,
        null,
        1,
        1,
        null,
        null,
        1,
        1,
        1,
        null,
        null,
        1,
        1,
        1,
        null,
        null,
        1,
        1,
        1,
        1,
        null,
        null,
        null,
        null,
        null
      ],
      "/Users/www/todo/app/models/authorization.rb": [
        1,
        1,
        null
      ]
    },
    "timestamp": 1432235291
  }
}
